<?xml version="1.0" encoding="UTF-8"?>
<testsuite xmlns:xsi="http://www.w3.org/2001/XMLSchema-instance" xsi:noNamespaceSchemaLocation="https://maven.apache.org/surefire/maven-surefire-plugin/xsd/surefire-test-report.xsd" name="guestbook.GuestbookControllerUnitTests" time="0.197" tests="1" errors="0" skipped="0" failures="0">
  <properties>
    <property name="sun.desktop" value="windows"/>
    <property name="awt.toolkit" value="sun.awt.windows.WToolkit"/>
    <property name="java.specification.version" value="11"/>
    <property name="sun.cpu.isalist" value="amd64"/>
    <property name="sun.jnu.encoding" value="Cp1252"/>
    <property name="java.class.path" value="C:\Users\Danny\Desktop\guestbook\target\test-classes;C:\Users\Danny\Desktop\guestbook\target\classes;C:\Users\Danny\.m2\repository\org\springframework\boot\spring-boot-starter-data-jpa\2.2.0.M4\spring-boot-starter-data-jpa-2.2.0.M4.jar;C:\Users\Danny\.m2\repository\org\springframework\boot\spring-boot-starter-aop\2.2.0.M4\spring-boot-starter-aop-2.2.0.M4.jar;C:\Users\Danny\.m2\repository\org\aspectj\aspectjweaver\1.9.4\aspectjweaver-1.9.4.jar;C:\Users\Danny\.m2\repository\org\springframework\boot\spring-boot-starter-jdbc\2.2.0.M4\spring-boot-starter-jdbc-2.2.0.M4.jar;C:\Users\Danny\.m2\repository\com\zaxxer\HikariCP\3.3.1\HikariCP-3.3.1.jar;C:\Users\Danny\.m2\repository\org\springframework\spring-jdbc\5.2.0.M3\spring-jdbc-5.2.0.M3.jar;C:\Users\Danny\.m2\repository\jakarta\activation\jakarta.activation-api\1.2.1\jakarta.activation-api-1.2.1.jar;C:\Users\Danny\.m2\repository\jakarta\persistence\jakarta.persistence-api\2.2.2\jakarta.persistence-api-2.2.2.jar;C:\Users\Danny\.m2\repository\jakarta\transaction\jakarta.transaction-api\1.3.2\jakarta.transaction-api-1.3.2.jar;C:\Users\Danny\.m2\repository\org\hibernate\hibernate-core\5.4.3.Final\hibernate-core-5.4.3.Final.jar;C:\Users\Danny\.m2\repository\org\jboss\logging\jboss-logging\3.4.0.Final\jboss-logging-3.4.0.Final.jar;C:\Users\Danny\.m2\repository\org\javassist\javassist\3.24.0-GA\javassist-3.24.0-GA.jar;C:\Users\Danny\.m2\repository\net\bytebuddy\byte-buddy\1.9.13\byte-buddy-1.9.13.jar;C:\Users\Danny\.m2\repository\antlr\antlr\2.7.7\antlr-2.7.7.jar;C:\Users\Danny\.m2\repository\org\jboss\jandex\2.0.5.Final\jandex-2.0.5.Final.jar;C:\Users\Danny\.m2\repository\com\fasterxml\classmate\1.5.0\classmate-1.5.0.jar;C:\Users\Danny\.m2\repository\org\dom4j\dom4j\2.1.1\dom4j-2.1.1.jar;C:\Users\Danny\.m2\repository\org\hibernate\common\hibernate-commons-annotations\5.1.0.Final\hibernate-commons-annotations-5.1.0.Final.jar;C:\Users\Danny\.m2\repository\org\glassfish\jaxb\jaxb-runtime\2.3.2\jaxb-runtime-2.3.2.jar;C:\Users\Danny\.m2\repository\org\glassfish\jaxb\txw2\2.3.2\txw2-2.3.2.jar;C:\Users\Danny\.m2\repository\com\sun\istack\istack-commons-runtime\3.0.8\istack-commons-runtime-3.0.8.jar;C:\Users\Danny\.m2\repository\org\jvnet\staxex\stax-ex\1.8.1\stax-ex-1.8.1.jar;C:\Users\Danny\.m2\repository\com\sun\xml\fastinfoset\FastInfoset\1.2.16\FastInfoset-1.2.16.jar;C:\Users\Danny\.m2\repository\org\springframework\data\spring-data-jpa\2.2.0.RC1\spring-data-jpa-2.2.0.RC1.jar;C:\Users\Danny\.m2\repository\org\springframework\data\spring-data-commons\2.2.0.RC1\spring-data-commons-2.2.0.RC1.jar;C:\Users\Danny\.m2\repository\org\springframework\spring-orm\5.2.0.M3\spring-orm-5.2.0.M3.jar;C:\Users\Danny\.m2\repository\org\springframework\spring-context\5.2.0.M3\spring-context-5.2.0.M3.jar;C:\Users\Danny\.m2\repository\org\springframework\spring-tx\5.2.0.M3\spring-tx-5.2.0.M3.jar;C:\Users\Danny\.m2\repository\org\springframework\spring-beans\5.2.0.M3\spring-beans-5.2.0.M3.jar;C:\Users\Danny\.m2\repository\org\springframework\spring-aspects\5.2.0.M3\spring-aspects-5.2.0.M3.jar;C:\Users\Danny\.m2\repository\org\hsqldb\hsqldb\2.5.0\hsqldb-2.5.0.jar;C:\Users\Danny\.m2\repository\org\springframework\boot\spring-boot-starter-web\2.2.0.M4\spring-boot-starter-web-2.2.0.M4.jar;C:\Users\Danny\.m2\repository\org\springframework\boot\spring-boot-starter\2.2.0.M4\spring-boot-starter-2.2.0.M4.jar;C:\Users\Danny\.m2\repository\org\springframework\boot\spring-boot-starter-logging\2.2.0.M4\spring-boot-starter-logging-2.2.0.M4.jar;C:\Users\Danny\.m2\repository\ch\qos\logback\logback-classic\1.2.3\logback-classic-1.2.3.jar;C:\Users\Danny\.m2\repository\ch\qos\logback\logback-core\1.2.3\logback-core-1.2.3.jar;C:\Users\Danny\.m2\repository\org\apache\logging\log4j\log4j-to-slf4j\2.11.2\log4j-to-slf4j-2.11.2.jar;C:\Users\Danny\.m2\repository\org\apache\logging\log4j\log4j-api\2.11.2\log4j-api-2.11.2.jar;C:\Users\Danny\.m2\repository\org\slf4j\jul-to-slf4j\1.7.26\jul-to-slf4j-1.7.26.jar;C:\Users\Danny\.m2\repository\jakarta\annotation\jakarta.annotation-api\1.3.4\jakarta.annotation-api-1.3.4.jar;C:\Users\Danny\.m2\repository\org\yaml\snakeyaml\1.24\snakeyaml-1.24.jar;C:\Users\Danny\.m2\repository\org\springframework\boot\spring-boot-starter-json\2.2.0.M4\spring-boot-starter-json-2.2.0.M4.jar;C:\Users\Danny\.m2\repository\com\fasterxml\jackson\core\jackson-databind\2.9.9\jackson-databind-2.9.9.jar;C:\Users\Danny\.m2\repository\com\fasterxml\jackson\core\jackson-annotations\2.9.0\jackson-annotations-2.9.0.jar;C:\Users\Danny\.m2\repository\com\fasterxml\jackson\datatype\jackson-datatype-jdk8\2.9.9\jackson-datatype-jdk8-2.9.9.jar;C:\Users\Danny\.m2\repository\com\fasterxml\jackson\datatype\jackson-datatype-jsr310\2.9.9\jackson-datatype-jsr310-2.9.9.jar;C:\Users\Danny\.m2\repository\com\fasterxml\jackson\module\jackson-module-parameter-names\2.9.9\jackson-module-parameter-names-2.9.9.jar;C:\Users\Danny\.m2\repository\org\springframework\boot\spring-boot-starter-tomcat\2.2.0.M4\spring-boot-starter-tomcat-2.2.0.M4.jar;C:\Users\Danny\.m2\repository\org\apache\tomcat\embed\tomcat-embed-core\9.0.21\tomcat-embed-core-9.0.21.jar;C:\Users\Danny\.m2\repository\org\apache\tomcat\embed\tomcat-embed-el\9.0.21\tomcat-embed-el-9.0.21.jar;C:\Users\Danny\.m2\repository\org\apache\tomcat\embed\tomcat-embed-websocket\9.0.21\tomcat-embed-websocket-9.0.21.jar;C:\Users\Danny\.m2\repository\org\springframework\boot\spring-boot-starter-validation\2.2.0.M4\spring-boot-starter-validation-2.2.0.M4.jar;C:\Users\Danny\.m2\repository\jakarta\validation\jakarta.validation-api\2.0.1\jakarta.validation-api-2.0.1.jar;C:\Users\Danny\.m2\repository\org\hibernate\validator\hibernate-validator\6.0.17.Final\hibernate-validator-6.0.17.Final.jar;C:\Users\Danny\.m2\repository\org\springframework\spring-web\5.2.0.M3\spring-web-5.2.0.M3.jar;C:\Users\Danny\.m2\repository\org\springframework\spring-webmvc\5.2.0.M3\spring-webmvc-5.2.0.M3.jar;C:\Users\Danny\.m2\repository\org\springframework\spring-expression\5.2.0.M3\spring-expression-5.2.0.M3.jar;C:\Users\Danny\.m2\repository\org\springframework\boot\spring-boot-starter-thymeleaf\2.2.0.M4\spring-boot-starter-thymeleaf-2.2.0.M4.jar;C:\Users\Danny\.m2\repository\org\thymeleaf\thymeleaf-spring5\3.0.11.RELEASE\thymeleaf-spring5-3.0.11.RELEASE.jar;C:\Users\Danny\.m2\repository\org\thymeleaf\extras\thymeleaf-extras-java8time\3.0.4.RELEASE\thymeleaf-extras-java8time-3.0.4.RELEASE.jar;C:\Users\Danny\.m2\repository\org\thymeleaf\thymeleaf\3.0.11.RELEASE\thymeleaf-3.0.11.RELEASE.jar;C:\Users\Danny\.m2\repository\ognl\ognl\3.1.12\ognl-3.1.12.jar;C:\Users\Danny\.m2\repository\org\attoparser\attoparser\2.0.5.RELEASE\attoparser-2.0.5.RELEASE.jar;C:\Users\Danny\.m2\repository\org\unbescape\unbescape\1.1.6.RELEASE\unbescape-1.1.6.RELEASE.jar;C:\Users\Danny\.m2\repository\org\slf4j\slf4j-api\1.7.26\slf4j-api-1.7.26.jar;C:\Users\Danny\.m2\repository\org\webjars\webjars-locator-core\0.37\webjars-locator-core-0.37.jar;C:\Users\Danny\.m2\repository\org\apache\commons\commons-lang3\3.9\commons-lang3-3.9.jar;C:\Users\Danny\.m2\repository\org\apache\commons\commons-compress\1.18\commons-compress-1.18.jar;C:\Users\Danny\.m2\repository\com\fasterxml\jackson\core\jackson-core\2.9.9\jackson-core-2.9.9.jar;C:\Users\Danny\.m2\repository\org\springframework\boot\spring-boot-starter-security\2.2.0.M4\spring-boot-starter-security-2.2.0.M4.jar;C:\Users\Danny\.m2\repository\org\springframework\spring-aop\5.2.0.M3\spring-aop-5.2.0.M3.jar;C:\Users\Danny\.m2\repository\org\springframework\security\spring-security-config\5.2.0.M3\spring-security-config-5.2.0.M3.jar;C:\Users\Danny\.m2\repository\org\springframework\security\spring-security-web\5.2.0.M3\spring-security-web-5.2.0.M3.jar;C:\Users\Danny\.m2\repository\org\thymeleaf\extras\thymeleaf-extras-springsecurity5\3.0.4.RELEASE\thymeleaf-extras-springsecurity5-3.0.4.RELEASE.jar;C:\Users\Danny\.m2\repository\org\springframework\security\spring-security-test\5.2.0.M3\spring-security-test-5.2.0.M3.jar;C:\Users\Danny\.m2\repository\org\springframework\security\spring-security-core\5.2.0.M3\spring-security-core-5.2.0.M3.jar;C:\Users\Danny\.m2\repository\org\springframework\spring-core\5.2.0.M3\spring-core-5.2.0.M3.jar;C:\Users\Danny\.m2\repository\org\springframework\spring-jcl\5.2.0.M3\spring-jcl-5.2.0.M3.jar;C:\Users\Danny\.m2\repository\org\springframework\spring-test\5.2.0.M3\spring-test-5.2.0.M3.jar;C:\Users\Danny\.m2\repository\org\springframework\boot\spring-boot-starter-test\2.2.0.M4\spring-boot-starter-test-2.2.0.M4.jar;C:\Users\Danny\.m2\repository\org\springframework\boot\spring-boot-test\2.2.0.M4\spring-boot-test-2.2.0.M4.jar;C:\Users\Danny\.m2\repository\org\springframework\boot\spring-boot-test-autoconfigure\2.2.0.M4\spring-boot-test-autoconfigure-2.2.0.M4.jar;C:\Users\Danny\.m2\repository\com\jayway\jsonpath\json-path\2.4.0\json-path-2.4.0.jar;C:\Users\Danny\.m2\repository\net\minidev\json-smart\2.3\json-smart-2.3.jar;C:\Users\Danny\.m2\repository\net\minidev\accessors-smart\1.2\accessors-smart-1.2.jar;C:\Users\Danny\.m2\repository\org\ow2\asm\asm\5.0.4\asm-5.0.4.jar;C:\Users\Danny\.m2\repository\jakarta\xml\bind\jakarta.xml.bind-api\2.3.2\jakarta.xml.bind-api-2.3.2.jar;C:\Users\Danny\.m2\repository\org\hamcrest\hamcrest\2.1\hamcrest-2.1.jar;C:\Users\Danny\.m2\repository\org\mockito\mockito-core\2.28.2\mockito-core-2.28.2.jar;C:\Users\Danny\.m2\repository\net\bytebuddy\byte-buddy-agent\1.9.13\byte-buddy-agent-1.9.13.jar;C:\Users\Danny\.m2\repository\org\objenesis\objenesis\2.6\objenesis-2.6.jar;C:\Users\Danny\.m2\repository\org\skyscreamer\jsonassert\1.5.0\jsonassert-1.5.0.jar;C:\Users\Danny\.m2\repository\com\vaadin\external\google\android-json\0.0.20131108.vaadin1\android-json-0.0.20131108.vaadin1.jar;C:\Users\Danny\.m2\repository\org\xmlunit\xmlunit-core\2.6.2\xmlunit-core-2.6.2.jar;C:\Users\Danny\.m2\repository\org\junit\jupiter\junit-jupiter\5.4.2\junit-jupiter-5.4.2.jar;C:\Users\Danny\.m2\repository\org\junit\jupiter\junit-jupiter-api\5.4.2\junit-jupiter-api-5.4.2.jar;C:\Users\Danny\.m2\repository\org\apiguardian\apiguardian-api\1.0.0\apiguardian-api-1.0.0.jar;C:\Users\Danny\.m2\repository\org\opentest4j\opentest4j\1.1.1\opentest4j-1.1.1.jar;C:\Users\Danny\.m2\repository\org\junit\platform\junit-platform-commons\1.4.2\junit-platform-commons-1.4.2.jar;C:\Users\Danny\.m2\repository\org\junit\jupiter\junit-jupiter-params\5.4.2\junit-jupiter-params-5.4.2.jar;C:\Users\Danny\.m2\repository\org\junit\jupiter\junit-jupiter-engine\5.4.2\junit-jupiter-engine-5.4.2.jar;C:\Users\Danny\.m2\repository\org\junit\platform\junit-platform-engine\1.4.2\junit-platform-engine-1.4.2.jar;C:\Users\Danny\.m2\repository\org\mockito\mockito-junit-jupiter\2.28.2\mockito-junit-jupiter-2.28.2.jar;C:\Users\Danny\.m2\repository\org\assertj\assertj-core\3.12.2\assertj-core-3.12.2.jar;C:\Users\Danny\.m2\repository\org\webjars\jquery\3.4.1\jquery-3.4.1.jar;C:\Users\Danny\.m2\repository\org\webjars\bootstrap\4.3.1\bootstrap-4.3.1.jar;C:\Users\Danny\.m2\repository\org\webjars\popper.js\1.14.3\popper.js-1.14.3.jar;C:\Users\Danny\.m2\repository\org\webjars\font-awesome\5.8.1\font-awesome-5.8.1.jar;C:\Users\Danny\.m2\repository\org\springframework\boot\spring-boot-devtools\2.2.0.M4\spring-boot-devtools-2.2.0.M4.jar;C:\Users\Danny\.m2\repository\org\springframework\boot\spring-boot\2.2.0.M4\spring-boot-2.2.0.M4.jar;C:\Users\Danny\.m2\repository\org\springframework\boot\spring-boot-autoconfigure\2.2.0.M4\spring-boot-autoconfigure-2.2.0.M4.jar;"/>
    <property name="java.vm.vendor" value="AdoptOpenJDK"/>
    <property name="sun.arch.data.model" value="64"/>
    <property name="user.variant" value=""/>
    <property name="java.vendor.url" value="https://adoptopenjdk.net/"/>
    <property name="user.timezone" value="Europe/Berlin"/>
    <property name="java.vm.specification.version" value="11"/>
    <property name="os.name" value="Windows 8.1"/>
    <property name="sun.java.launcher" value="SUN_STANDARD"/>
    <property name="user.country" value="DE"/>
    <property name="sun.boot.library.path" value="D:\OpenJDK\bin"/>
    <property name="sun.java.command" value="C:\Users\Danny\AppData\Local\Temp\surefire9293664717826768135\surefirebooter4039271267598228836.jar C:\Users\Danny\AppData\Local\Temp\surefire9293664717826768135 2019-10-20T18-55-41_199-jvmRun1 surefire16937622870372818261tmp surefire_012101998892779221398tmp"/>
    <property name="jdk.debug" value="release"/>
    <property name="surefire.test.class.path" value="C:\Users\Danny\Desktop\guestbook\target\test-classes;C:\Users\Danny\Desktop\guestbook\target\classes;C:\Users\Danny\.m2\repository\org\springframework\boot\spring-boot-starter-data-jpa\2.2.0.M4\spring-boot-starter-data-jpa-2.2.0.M4.jar;C:\Users\Danny\.m2\repository\org\springframework\boot\spring-boot-starter-aop\2.2.0.M4\spring-boot-starter-aop-2.2.0.M4.jar;C:\Users\Danny\.m2\repository\org\aspectj\aspectjweaver\1.9.4\aspectjweaver-1.9.4.jar;C:\Users\Danny\.m2\repository\org\springframework\boot\spring-boot-starter-jdbc\2.2.0.M4\spring-boot-starter-jdbc-2.2.0.M4.jar;C:\Users\Danny\.m2\repository\com\zaxxer\HikariCP\3.3.1\HikariCP-3.3.1.jar;C:\Users\Danny\.m2\repository\org\springframework\spring-jdbc\5.2.0.M3\spring-jdbc-5.2.0.M3.jar;C:\Users\Danny\.m2\repository\jakarta\activation\jakarta.activation-api\1.2.1\jakarta.activation-api-1.2.1.jar;C:\Users\Danny\.m2\repository\jakarta\persistence\jakarta.persistence-api\2.2.2\jakarta.persistence-api-2.2.2.jar;C:\Users\Danny\.m2\repository\jakarta\transaction\jakarta.transaction-api\1.3.2\jakarta.transaction-api-1.3.2.jar;C:\Users\Danny\.m2\repository\org\hibernate\hibernate-core\5.4.3.Final\hibernate-core-5.4.3.Final.jar;C:\Users\Danny\.m2\repository\org\jboss\logging\jboss-logging\3.4.0.Final\jboss-logging-3.4.0.Final.jar;C:\Users\Danny\.m2\repository\org\javassist\javassist\3.24.0-GA\javassist-3.24.0-GA.jar;C:\Users\Danny\.m2\repository\net\bytebuddy\byte-buddy\1.9.13\byte-buddy-1.9.13.jar;C:\Users\Danny\.m2\repository\antlr\antlr\2.7.7\antlr-2.7.7.jar;C:\Users\Danny\.m2\repository\org\jboss\jandex\2.0.5.Final\jandex-2.0.5.Final.jar;C:\Users\Danny\.m2\repository\com\fasterxml\classmate\1.5.0\classmate-1.5.0.jar;C:\Users\Danny\.m2\repository\org\dom4j\dom4j\2.1.1\dom4j-2.1.1.jar;C:\Users\Danny\.m2\repository\org\hibernate\common\hibernate-commons-annotations\5.1.0.Final\hibernate-commons-annotations-5.1.0.Final.jar;C:\Users\Danny\.m2\repository\org\glassfish\jaxb\jaxb-runtime\2.3.2\jaxb-runtime-2.3.2.jar;C:\Users\Danny\.m2\repository\org\glassfish\jaxb\txw2\2.3.2\txw2-2.3.2.jar;C:\Users\Danny\.m2\repository\com\sun\istack\istack-commons-runtime\3.0.8\istack-commons-runtime-3.0.8.jar;C:\Users\Danny\.m2\repository\org\jvnet\staxex\stax-ex\1.8.1\stax-ex-1.8.1.jar;C:\Users\Danny\.m2\repository\com\sun\xml\fastinfoset\FastInfoset\1.2.16\FastInfoset-1.2.16.jar;C:\Users\Danny\.m2\repository\org\springframework\data\spring-data-jpa\2.2.0.RC1\spring-data-jpa-2.2.0.RC1.jar;C:\Users\Danny\.m2\repository\org\springframework\data\spring-data-commons\2.2.0.RC1\spring-data-commons-2.2.0.RC1.jar;C:\Users\Danny\.m2\repository\org\springframework\spring-orm\5.2.0.M3\spring-orm-5.2.0.M3.jar;C:\Users\Danny\.m2\repository\org\springframework\spring-context\5.2.0.M3\spring-context-5.2.0.M3.jar;C:\Users\Danny\.m2\repository\org\springframework\spring-tx\5.2.0.M3\spring-tx-5.2.0.M3.jar;C:\Users\Danny\.m2\repository\org\springframework\spring-beans\5.2.0.M3\spring-beans-5.2.0.M3.jar;C:\Users\Danny\.m2\repository\org\springframework\spring-aspects\5.2.0.M3\spring-aspects-5.2.0.M3.jar;C:\Users\Danny\.m2\repository\org\hsqldb\hsqldb\2.5.0\hsqldb-2.5.0.jar;C:\Users\Danny\.m2\repository\org\springframework\boot\spring-boot-starter-web\2.2.0.M4\spring-boot-starter-web-2.2.0.M4.jar;C:\Users\Danny\.m2\repository\org\springframework\boot\spring-boot-starter\2.2.0.M4\spring-boot-starter-2.2.0.M4.jar;C:\Users\Danny\.m2\repository\org\springframework\boot\spring-boot-starter-logging\2.2.0.M4\spring-boot-starter-logging-2.2.0.M4.jar;C:\Users\Danny\.m2\repository\ch\qos\logback\logback-classic\1.2.3\logback-classic-1.2.3.jar;C:\Users\Danny\.m2\repository\ch\qos\logback\logback-core\1.2.3\logback-core-1.2.3.jar;C:\Users\Danny\.m2\repository\org\apache\logging\log4j\log4j-to-slf4j\2.11.2\log4j-to-slf4j-2.11.2.jar;C:\Users\Danny\.m2\repository\org\apache\logging\log4j\log4j-api\2.11.2\log4j-api-2.11.2.jar;C:\Users\Danny\.m2\repository\org\slf4j\jul-to-slf4j\1.7.26\jul-to-slf4j-1.7.26.jar;C:\Users\Danny\.m2\repository\jakarta\annotation\jakarta.annotation-api\1.3.4\jakarta.annotation-api-1.3.4.jar;C:\Users\Danny\.m2\repository\org\yaml\snakeyaml\1.24\snakeyaml-1.24.jar;C:\Users\Danny\.m2\repository\org\springframework\boot\spring-boot-starter-json\2.2.0.M4\spring-boot-starter-json-2.2.0.M4.jar;C:\Users\Danny\.m2\repository\com\fasterxml\jackson\core\jackson-databind\2.9.9\jackson-databind-2.9.9.jar;C:\Users\Danny\.m2\repository\com\fasterxml\jackson\core\jackson-annotations\2.9.0\jackson-annotations-2.9.0.jar;C:\Users\Danny\.m2\repository\com\fasterxml\jackson\datatype\jackson-datatype-jdk8\2.9.9\jackson-datatype-jdk8-2.9.9.jar;C:\Users\Danny\.m2\repository\com\fasterxml\jackson\datatype\jackson-datatype-jsr310\2.9.9\jackson-datatype-jsr310-2.9.9.jar;C:\Users\Danny\.m2\repository\com\fasterxml\jackson\module\jackson-module-parameter-names\2.9.9\jackson-module-parameter-names-2.9.9.jar;C:\Users\Danny\.m2\repository\org\springframework\boot\spring-boot-starter-tomcat\2.2.0.M4\spring-boot-starter-tomcat-2.2.0.M4.jar;C:\Users\Danny\.m2\repository\org\apache\tomcat\embed\tomcat-embed-core\9.0.21\tomcat-embed-core-9.0.21.jar;C:\Users\Danny\.m2\repository\org\apache\tomcat\embed\tomcat-embed-el\9.0.21\tomcat-embed-el-9.0.21.jar;C:\Users\Danny\.m2\repository\org\apache\tomcat\embed\tomcat-embed-websocket\9.0.21\tomcat-embed-websocket-9.0.21.jar;C:\Users\Danny\.m2\repository\org\springframework\boot\spring-boot-starter-validation\2.2.0.M4\spring-boot-starter-validation-2.2.0.M4.jar;C:\Users\Danny\.m2\repository\jakarta\validation\jakarta.validation-api\2.0.1\jakarta.validation-api-2.0.1.jar;C:\Users\Danny\.m2\repository\org\hibernate\validator\hibernate-validator\6.0.17.Final\hibernate-validator-6.0.17.Final.jar;C:\Users\Danny\.m2\repository\org\springframework\spring-web\5.2.0.M3\spring-web-5.2.0.M3.jar;C:\Users\Danny\.m2\repository\org\springframework\spring-webmvc\5.2.0.M3\spring-webmvc-5.2.0.M3.jar;C:\Users\Danny\.m2\repository\org\springframework\spring-expression\5.2.0.M3\spring-expression-5.2.0.M3.jar;C:\Users\Danny\.m2\repository\org\springframework\boot\spring-boot-starter-thymeleaf\2.2.0.M4\spring-boot-starter-thymeleaf-2.2.0.M4.jar;C:\Users\Danny\.m2\repository\org\thymeleaf\thymeleaf-spring5\3.0.11.RELEASE\thymeleaf-spring5-3.0.11.RELEASE.jar;C:\Users\Danny\.m2\repository\org\thymeleaf\extras\thymeleaf-extras-java8time\3.0.4.RELEASE\thymeleaf-extras-java8time-3.0.4.RELEASE.jar;C:\Users\Danny\.m2\repository\org\thymeleaf\thymeleaf\3.0.11.RELEASE\thymeleaf-3.0.11.RELEASE.jar;C:\Users\Danny\.m2\repository\ognl\ognl\3.1.12\ognl-3.1.12.jar;C:\Users\Danny\.m2\repository\org\attoparser\attoparser\2.0.5.RELEASE\attoparser-2.0.5.RELEASE.jar;C:\Users\Danny\.m2\repository\org\unbescape\unbescape\1.1.6.RELEASE\unbescape-1.1.6.RELEASE.jar;C:\Users\Danny\.m2\repository\org\slf4j\slf4j-api\1.7.26\slf4j-api-1.7.26.jar;C:\Users\Danny\.m2\repository\org\webjars\webjars-locator-core\0.37\webjars-locator-core-0.37.jar;C:\Users\Danny\.m2\repository\org\apache\commons\commons-lang3\3.9\commons-lang3-3.9.jar;C:\Users\Danny\.m2\repository\org\apache\commons\commons-compress\1.18\commons-compress-1.18.jar;C:\Users\Danny\.m2\repository\com\fasterxml\jackson\core\jackson-core\2.9.9\jackson-core-2.9.9.jar;C:\Users\Danny\.m2\repository\org\springframework\boot\spring-boot-starter-security\2.2.0.M4\spring-boot-starter-security-2.2.0.M4.jar;C:\Users\Danny\.m2\repository\org\springframework\spring-aop\5.2.0.M3\spring-aop-5.2.0.M3.jar;C:\Users\Danny\.m2\repository\org\springframework\security\spring-security-config\5.2.0.M3\spring-security-config-5.2.0.M3.jar;C:\Users\Danny\.m2\repository\org\springframework\security\spring-security-web\5.2.0.M3\spring-security-web-5.2.0.M3.jar;C:\Users\Danny\.m2\repository\org\thymeleaf\extras\thymeleaf-extras-springsecurity5\3.0.4.RELEASE\thymeleaf-extras-springsecurity5-3.0.4.RELEASE.jar;C:\Users\Danny\.m2\repository\org\springframework\security\spring-security-test\5.2.0.M3\spring-security-test-5.2.0.M3.jar;C:\Users\Danny\.m2\repository\org\springframework\security\spring-security-core\5.2.0.M3\spring-security-core-5.2.0.M3.jar;C:\Users\Danny\.m2\repository\org\springframework\spring-core\5.2.0.M3\spring-core-5.2.0.M3.jar;C:\Users\Danny\.m2\repository\org\springframework\spring-jcl\5.2.0.M3\spring-jcl-5.2.0.M3.jar;C:\Users\Danny\.m2\repository\org\springframework\spring-test\5.2.0.M3\spring-test-5.2.0.M3.jar;C:\Users\Danny\.m2\repository\org\springframework\boot\spring-boot-starter-test\2.2.0.M4\spring-boot-starter-test-2.2.0.M4.jar;C:\Users\Danny\.m2\repository\org\springframework\boot\spring-boot-test\2.2.0.M4\spring-boot-test-2.2.0.M4.jar;C:\Users\Danny\.m2\repository\org\springframework\boot\spring-boot-test-autoconfigure\2.2.0.M4\spring-boot-test-autoconfigure-2.2.0.M4.jar;C:\Users\Danny\.m2\repository\com\jayway\jsonpath\json-path\2.4.0\json-path-2.4.0.jar;C:\Users\Danny\.m2\repository\net\minidev\json-smart\2.3\json-smart-2.3.jar;C:\Users\Danny\.m2\repository\net\minidev\accessors-smart\1.2\accessors-smart-1.2.jar;C:\Users\Danny\.m2\repository\org\ow2\asm\asm\5.0.4\asm-5.0.4.jar;C:\Users\Danny\.m2\repository\jakarta\xml\bind\jakarta.xml.bind-api\2.3.2\jakarta.xml.bind-api-2.3.2.jar;C:\Users\Danny\.m2\repository\org\hamcrest\hamcrest\2.1\hamcrest-2.1.jar;C:\Users\Danny\.m2\repository\org\mockito\mockito-core\2.28.2\mockito-core-2.28.2.jar;C:\Users\Danny\.m2\repository\net\bytebuddy\byte-buddy-agent\1.9.13\byte-buddy-agent-1.9.13.jar;C:\Users\Danny\.m2\repository\org\objenesis\objenesis\2.6\objenesis-2.6.jar;C:\Users\Danny\.m2\repository\org\skyscreamer\jsonassert\1.5.0\jsonassert-1.5.0.jar;C:\Users\Danny\.m2\repository\com\vaadin\external\google\android-json\0.0.20131108.vaadin1\android-json-0.0.20131108.vaadin1.jar;C:\Users\Danny\.m2\repository\org\xmlunit\xmlunit-core\2.6.2\xmlunit-core-2.6.2.jar;C:\Users\Danny\.m2\repository\org\junit\jupiter\junit-jupiter\5.4.2\junit-jupiter-5.4.2.jar;C:\Users\Danny\.m2\repository\org\junit\jupiter\junit-jupiter-api\5.4.2\junit-jupiter-api-5.4.2.jar;C:\Users\Danny\.m2\repository\org\apiguardian\apiguardian-api\1.0.0\apiguardian-api-1.0.0.jar;C:\Users\Danny\.m2\repository\org\opentest4j\opentest4j\1.1.1\opentest4j-1.1.1.jar;C:\Users\Danny\.m2\repository\org\junit\platform\junit-platform-commons\1.4.2\junit-platform-commons-1.4.2.jar;C:\Users\Danny\.m2\repository\org\junit\jupiter\junit-jupiter-params\5.4.2\junit-jupiter-params-5.4.2.jar;C:\Users\Danny\.m2\repository\org\junit\jupiter\junit-jupiter-engine\5.4.2\junit-jupiter-engine-5.4.2.jar;C:\Users\Danny\.m2\repository\org\junit\platform\junit-platform-engine\1.4.2\junit-platform-engine-1.4.2.jar;C:\Users\Danny\.m2\repository\org\mockito\mockito-junit-jupiter\2.28.2\mockito-junit-jupiter-2.28.2.jar;C:\Users\Danny\.m2\repository\org\assertj\assertj-core\3.12.2\assertj-core-3.12.2.jar;C:\Users\Danny\.m2\repository\org\webjars\jquery\3.4.1\jquery-3.4.1.jar;C:\Users\Danny\.m2\repository\org\webjars\bootstrap\4.3.1\bootstrap-4.3.1.jar;C:\Users\Danny\.m2\repository\org\webjars\popper.js\1.14.3\popper.js-1.14.3.jar;C:\Users\Danny\.m2\repository\org\webjars\font-awesome\5.8.1\font-awesome-5.8.1.jar;C:\Users\Danny\.m2\repository\org\springframework\boot\spring-boot-devtools\2.2.0.M4\spring-boot-devtools-2.2.0.M4.jar;C:\Users\Danny\.m2\repository\org\springframework\boot\spring-boot\2.2.0.M4\spring-boot-2.2.0.M4.jar;C:\Users\Danny\.m2\repository\org\springframework\boot\spring-boot-autoconfigure\2.2.0.M4\spring-boot-autoconfigure-2.2.0.M4.jar;"/>
    <property name="sun.cpu.endian" value="little"/>
    <property name="user.home" value="C:\Users\Danny"/>
    <property name="user.language" value="de"/>
    <property name="java.specification.vendor" value="Oracle Corporation"/>
    <property name="java.version.date" value="2019-07-16"/>
    <property name="java.home" value="D:\OpenJDK"/>
    <property name="file.separator" value="\"/>
    <property name="basedir" value="C:\Users\Danny\Desktop\guestbook"/>
    <property name="java.vm.compressedOopsMode" value="32-bit"/>
    <property name="line.separator" value="&#10;"/>
    <property name="java.specification.name" value="Java Platform API Specification"/>
    <property name="java.vm.specification.vendor" value="Oracle Corporation"/>
    <property name="java.awt.graphicsenv" value="sun.awt.Win32GraphicsEnvironment"/>
    <property name="surefire.real.class.path" value="C:\Users\Danny\AppData\Local\Temp\surefire9293664717826768135\surefirebooter4039271267598228836.jar"/>
    <property name="user.script" value=""/>
    <property name="sun.management.compiler" value="HotSpot 64-Bit Tiered Compilers"/>
    <property name="java.runtime.version" value="11.0.4+11"/>
    <property name="user.name" value="Danny"/>
    <property name="path.separator" value=";"/>
    <property name="os.version" value="6.3"/>
    <property name="java.runtime.name" value="OpenJDK Runtime Environment"/>
    <property name="file.encoding" value="Cp1252"/>
    <property name="java.vm.name" value="OpenJDK 64-Bit Server VM"/>
    <property name="java.vendor.version" value="AdoptOpenJDK"/>
    <property name="localRepository" value="C:\Users\Danny\.m2\repository"/>
    <property name="java.vendor.url.bug" value="https://github.com/AdoptOpenJDK/openjdk-build/issues"/>
    <property name="java.io.tmpdir" value="C:\Users\Danny\AppData\Local\Temp\"/>
    <property name="java.version" value="11.0.4"/>
    <property name="user.dir" value="C:\Users\Danny\Desktop\guestbook"/>
    <property name="os.arch" value="amd64"/>
    <property name="java.vm.specification.name" value="Java Virtual Machine Specification"/>
    <property name="java.awt.printerjob" value="sun.awt.windows.WPrinterJob"/>
    <property name="sun.os.patch.level" value=""/>
    <property name="java.library.path" value="D:\OpenJDK\bin;C:\Windows\Sun\Java\bin;C:\Windows\system32;C:\Windows;C:\Users\Danny\bin;C:\Program Files\Git\mingw64\bin;C:\Program Files\Git\usr\local\bin;C:\Program Files\Git\usr\bin;C:\Program Files\Git\usr\bin;C:\Program Files\Git\mingw64\bin;C:\Program Files\Git\usr\bin;C:\Users\Danny\bin;D:\OpenJDK\bin;C:\Program Files\Java\jdk1.8.0_201\bin;C:\Program Files (x86)\Intel\iCLS Client;C:\Program Files\Intel\iCLS Client;C:\Windows\system32;C:\Windows;C:\Windows\System32\Wbem;C:\Windows\System32\WindowsPowerShell\v1.0;C:\Program Files\Intel\Intel(R) Management Engine Components\DAL;C:\Program Files\Intel\Intel(R) Management Engine Components\IPT;C:\Program Files (x86)\Intel\Intel(R) Management Engine Components\DAL;C:\Program Files (x86)\Intel\Intel(R) Management Engine Components\IPT;C:\Program Files (x86)\Skype\Phone;C:\Program Files (x86)\NVIDIA Corporation\PhysX\Common;C:\Program Files\Git\cmd;C:\Program Files\dotnet;C:\Users\Danny\AppData\Local\Programs\Python\Python37\Scripts;C:\Users\Danny\AppData\Local\Programs\Python\Python37;C:\Users\Danny\AppData\Local\Programs\Python\Launcher;C:\Program Files\Git\usr\bin\vendor_perl;C:\Program Files\Git\usr\bin\core_perl;."/>
    <property name="java.vendor" value="AdoptOpenJDK"/>
    <property name="java.vm.info" value="mixed mode"/>
    <property name="java.vm.version" value="11.0.4+11"/>
    <property name="sun.io.unicode.encoding" value="UnicodeLittle"/>
    <property name="java.class.version" value="55.0"/>
  </properties>
  <testcase name="populatesModelForGuestbook" classname="guestbook.GuestbookControllerUnitTests" time="0.197"/>
</testsuite>